0.564556 1 -0.0677222 -0.435444 -0.217722 0.85 -0.217722 0.85 0 0.85 0.15 0 0 -0.217722 0.15 -0.217722 -0.217722 0 0.85 0 -0.217722 0 0.15 0 0 0 0 0 -0.217722 0 0 0 
0.209635 0 -0.248848 0.209635 -0.0449217 0.203927 -0.0449217 0.203927 0 0.203927 -0.203927 0 0 -0.0449217 -0.203927 0.254556 0.254556 0 0.203927 0 -0.0449217 0 -0.203927 0 0 0 0 0 -0.0449217 0 0 0 
2 0 1 2 1 0 1 0 0 0 0 0 0 1 0 1 1 0 0 0 1 0 0 0 0 0 0 0 1 0 0 0 
-0.000425672 0 -0.220924 0.221349 0.221349 -0.221349 -0.000425672 0.000425672 -0.000425672 0 0 -0.221349 0 0 0 0 0 -0.221349 0 0.000425672 0 0 0 0 -0.221349 0 0.221349 0 0.221349 0 0 0 
1 0 1 0 0 0 1 1 1 0 0 0 0 0 0 0 0 0 0 1 0 0 0 0 0 0 0 0 0 0 0 0 
0 0.203927 0.203927 0.254556 0 0 0 0.254556 0 -0.248848 -0.0449217 0.254556 -0.0449217 0 0 0 0 -0.203927 0 0 0 -0.0449217 0 0.254556 0 0 0 0.203927 0 0.254556 0 0 
0 0 0 1 0 0 0 1 0 1 1 1 1 0 0 0 0 0 0 0 0 1 0 1 0 0 0 0 0 1 0 0 
0 0 0 0 0 0.0449217 -0.203927 0 0.203927 0 -0.254556 0 0.203927 -0.203927 -0.254556 0.0449217 0.0449217 0 0 0.0449217 0 0 0 0 -0.254556 0.203927 0 0 0 0 0 0 
0 0 0 0 0 1 0 0 0 0 1 0 0 0 1 1 1 0 0 1 0 0 0 0 1 0 0 0 0 0 0 0 
0 0 0 0 0 0 0 0.221349 -0.000425672 0 -0.221349 0 0 0 0.000425672 0 0.221349 -0.220924 -0.000425672 0.000425672 0 0 0.221349 0 -0.221349 -0.221349 0 0 0 0.221349 0 0 
0 0 0 0 0 0 0 0 1 0 0 0 0 0 1 0 0 1 1 1 0 0 0 0 0 0 0 0 0 0 0 0 
0 0.203927 0 0 -0.254556 0 0.203927 0 -0.254556 -0.0506297 0 0.0449217 0 0 0 -0.203927 0 0 0 0 0.203927 -0.203927 -0.0506297 0.0449217 0.0449217 -0.203927 0.0449217 0 0 -0.254556 0 0.0449217 
0 0 1.08388 0 0 0 -0.0011293 0 0 -1 1.08388 0 0 0 0 0 0 -0.0838783 0 0 3.03941e-05 0 0 0 -1 0 0 0 1.08391 -0.0838783 -0.0011293 3.03941e-05 
-1 0 -0.0838783 0 0 0 3.03941e-05 0 0 0 -0.0838783 0 0 0 0 0 0 1.08388 -1 0 -0.0011293 0 0 -1 0 -1 -1 0 -0.0850076 1.08388 3.03941e-05 -0.0011293 
0 0 -156.79 0 -1 0 1.08388 -1 -1 -1 -156.79 0 0 0 0 0 0 156.79 0 0 -0.0838783 0 0 0 0 0 -1 0 -157.874 156.79 1.08388 -0.0838783 
0 -1 156.79 0 0 0 -0.0838783 0 0 0 156.79 0 0 0 0 0 0 -156.79 0 0 1.08388 0 0 0 0 0 0 -1 157.874 -156.79 -0.0838783 0.0838783 
2 0 1 1 1 0 3 0 1 1 1 0 1 1 0 0 0 0 0 0 1 1 0 0 0 0 0 0 1 0 1 0 
1 0 1 2 0 0 0 2 0 0 0 1 0 0 0 1 1 0 0 1 1 0 0 1 0 0 0 0 1 1 0 1 
0 0 0 0 0 0 0 -1 1 0 1 0 0 0 1 0 0 0 1 0 0 0 1 0 1 0 -1 0 -1 1 0 0 
0 -1 0 0 0 1 0 0 0 0 0 1 0 0 1 1 1 1 0 2 0 0 0 1 1 0 1 -1 0 0 0 0 
1 1 0 -1 -1 1 0 1 0 1 0 0 0 0 0 0 0 0 1 0 0 0 0 0 0 0 -1 0 -1 0 0 0 
1 1 0 0 0 -1 0 0 0 0 1 -1 0 0 1 0 0 -1 0 0 0 0 1 0 -1 0 0 0 0 0 0 0 
1 0 -1 0 0 1 0 1 -1 1 0 0 0 0 0 0 0 0 1 0 0 0 0 0 0 0 0 -1 0 0 0 0 
1 1 1 0 0 0 0 0 -1 -1 1 0 0 0 1 0 0 -1 0 0 0 0 1 0 0 0 0 0 0 0 0 0 
1 1 -1 0 0 1 0 1 0 1 -1 0 0 0 0 0 0 0 1 0 0 0 0 0 0 0 0 0 -1 0 0 0 
1 1 1 0 0 0 0 0 0 0 1 0 0 0 1 0 0 -1 0 0 0 0 1 0 0 0 0 0 0 -1 0 0 
0 0 0 0 0 0 0 0 -1 1 0 0 -1 0 0 0 0 0 0 0 0 0 0 0 1 -1 0 0 0 0 -1 0 
1 0 0 0 0 0 -1 0 0 0 0 0 0 -1 0 0 0 0 1 0 0 0 0 1 0 1 1 0 0 0 -1 0 
0 0 0 0 0 0 0 -1 0 1 0 0 0 0 0 0 -1 0 0 0 0 0 -1 0 1 0 0 0 0 -1 0 0 
1 0 0 0 0 0 0 0 0 0 -1 0 0 0 0 0 0 -1 1 0 0 0 0 1 -1 0 1 0 0 0 0 0 
0 -1 0 0 0 0 -1 0 0 0 0 0 0 0 0 0 0 0 0 0 -1 0 -1 0 1 0 0 0 0 0 0 0 
1 0 0 0 0 0 0 0 0 0 0 0 0 0 0 -1 0 0 1 0 0 -1 0 1 0 0 1 0 0 0 0 0 
